#
# A fatal error has been detected by the Java Runtime Environment:
#
#  EXCEPTION_ACCESS_VIOLATION (0xc0000005) at pc=0x00007ffeda843004, pid=22536, tid=25672
#
# JRE version: Java(TM) SE Runtime Environment (24.0.1+9) (build 24.0.1+9-30)
# Java VM: Java HotSpot(TM) 64-Bit Server VM (24.0.1+9-30, mixed mode, sharing, tiered, compressed oops, compressed class ptrs, g1 gc, windows-amd64)
# Problematic frame:
# C  [libasyncProfiler.dll+0x93004]
#
# No core dump will be written. Minidumps are not enabled by default on client versions of Windows
#
# JFR recording file will be written. Location: C:\Users\Asus\OneDrive\Desktop\untitled2\hs_err_pid22536.jfr
#
# If you would like to submit a bug report, please visit:
#   https://bugreport.java.com/bugreport/crash.jsp
# The crash happened outside the Java Virtual Machine in native code.
# See problematic frame for where to report the bug.
#

---------------  S U M M A R Y ------------

Command Line: -javaagent:C:\Program Files\JetBrains\IntelliJ IDEA 2024.3.2.2\lib\idea_rt.jar=56540:C:\Program Files\JetBrains\IntelliJ IDEA 2024.3.2.2\bin -agentpath:C:\Users\Asus\AppData\Local\Temp\idea_libasyncProfiler_dll_temp_folder\libasyncProfiler.dll=start,jfr,event=wall,interval=10ms,jfrsync=profile,cstack=no,file=C:\Users\Asus\IdeaSnapshots\Main_2025_05_11_133325.jfr,dbghelppath=C:\Users\Asus\AppData\Local\Temp\idea_dbghelp_dll_temp_folder\dbghelp.dll,log=C:\Users\Asus\AppData\Local\Temp\Main_2025_05_11_133325.jfr.log.txt,logLevel=DEBUG -Dfile.encoding=UTF-8 -Dsun.stdout.encoding=UTF-8 -Dsun.stderr.encoding=UTF-8 Main

Host: AMD Ryzen 7 4800H with Radeon Graphics         , 16 cores, 31G,  Windows 11 , 64 bit Build 26100 (10.0.26100.3775)
Time: Sun May 11 13:33:26 2025 Afr. centrale Ouest elapsed time: 0.762381 seconds (0d 0h 0m 0s)

---------------  T H R E A D  ---------------

Current thread (0x00000170982fa3d0):  JavaThread "main"             [_thread_in_native, id=25672, stack(0x0000000100600000,0x0000000100700000) (1024K)]

Stack: [0x0000000100600000,0x0000000100700000],  sp=0x00000001006fe7d0,  free space=1017k
Native frames: (J=compiled Java code, j=interpreted, Vv=VM code, C=native code)
C  [libasyncProfiler.dll+0x93004]  (no source info available)
C  [libasyncProfiler.dll+0x934db]  (no source info available)
C  [libasyncProfiler.dll+0x92134]  (no source info available)
C  [libasyncProfiler.dll+0x929aa]  (no source info available)
C  [libasyncProfiler.dll+0x8d561]  (no source info available)
C  [libasyncProfiler.dll+0x7ef21]  (no source info available)
C  [libasyncProfiler.dll+0x7dc38]  (no source info available)
C  [libasyncProfiler.dll+0x7db20]  (no source info available)
C  [libasyncProfiler.dll+0x83c3c]  (no source info available)
V  [jvm.dll+0x5e38de]  (no source info available)
V  [jvm.dll+0x886056]  (no source info available)
V  [jvm.dll+0x495f3e]  (no source info available)
V  [jvm.dll+0x497d11]  (no source info available)
C  [jli.dll+0x52a1]  (no source info available)
C  [ucrtbase.dll+0x37b0]  (no source info available)
C  [KERNEL32.DLL+0x2e8d7]  (no source info available)
C  [ntdll.dll+0xb14fc]  (no source info available)


siginfo: EXCEPTION_ACCESS_VIOLATION (0xc0000005), reading address 0xffffffffffffffff


Registers:
RAX=0x0000000000000010, RBX=0x0000000000000000, RCX=0xffffffffffffffff, RDX=0x007ffe8ff8301010
RSP=0x00000001006fe7d0, RBP=0x00000170b545ce58, RSI=0x00000001006fe940, RDI=0x00000170b545ce58
R8 =0x0000000000000042, R9 =0x0000000628801ed8, R10=0x00007ffe901f9fb0, R11=0x0000000000000002
R12=0x00000001006fe940, R13=0x000001708d26c6f0, R14=0x00000170982fa798, R15=0x00000170982fa798
RIP=0x00007ffeda843004, EFLAGS=0x0000000000010202

XMM[0]=0x0000000000000000 0x0000000000000000
XMM[1]=0x0000000000000000 0x0000000000000000
XMM[2]=0x0000000000000000 0x0000000000000000
XMM[3]=0x0000000000000000 0x0000000000000000
XMM[4]=0x0000000000000000 0x0000000000000000
XMM[5]=0x0000000000000000 0x0000000000000000
XMM[6]=0x0000000000000000 0x0000000000000000
XMM[7]=0x0000000000000000 0x0000000000000000
XMM[8]=0x0000000000000000 0x0000000000000000
XMM[9]=0x0000000000000000 0x0000000000000000
XMM[10]=0x0000000000000000 0x0000000000000000
XMM[11]=0x0000000000000000 0x0000000000000000
XMM[12]=0x0000000000000000 0x0000000000000000
XMM[13]=0x0000000000000000 0x0000000000000000
XMM[14]=0x0000000000000000 0x0000000000000000
XMM[15]=0x0000000000000000 0x0000000000000000
  MXCSR=0x00001fa0


Register to memory mapping:

RAX=0x0000000000000010 is an unknown value
RBX=0x0 is null
RCX=0xffffffffffffffff is an unknown value
RDX=0x007ffe8ff8301010 is an unknown value
RSP=0x00000001006fe7d0 is pointing into the stack for thread: 0x00000170982fa3d0
RBP=0x00000170b545ce58 points into unknown readable memory: 0x0000000628801ed8 | d8 1e 80 28 06 00 00 00
RSI=0x00000001006fe940 is pointing into the stack for thread: 0x00000170982fa3d0
RDI=0x00000170b545ce58 points into unknown readable memory: 0x0000000628801ed8 | d8 1e 80 28 06 00 00 00
R8 =0x0000000000000042 is an unknown value
R9 =0x0000000628801ed8 is an oop: java.lang.Thread 
{0x0000000628801ed8} - klass: 'java/lang/Thread' - flags: 

 - ---- fields (total size 14 words):
 - 'threadLocalRandomProbe' 'I' @12  1013904242 (0x3c6ef372)
 - private volatile 'eetop' 'J' @16  1583101223888 (0x00000170982fa3d0)
 - private final 'tid' 'J' @24  3 (0x0000000000000003)
 - 'threadLocalRandomSeed' 'J' @32  4990533973101942172 (0x4541f0352242959c)
 - injected 'jvmti_thread_state' 'J' @40  1583586067136 (0x00000170b515c2c0)
 - 'threadLocalRandomSecondarySeed' 'I' @48  0 (0x00000000)
 - injected 'jvmti_VTMS_transition_disable_count' 'I' @52  0 (0x00000000)
 - injected 'jfr_epoch' 'S' @56  0 (0x0000)
 - volatile 'interrupted' 'Z' @58  false (0x00)
 - injected 'jvmti_is_in_VTMS_transition' 'Z' @59  false (0x00)
 - private volatile 'name' 'Ljava/lang/String;' @60  "main"{0x0000000628801f48} (0xc51003e9)
 - private volatile 'contextClassLoader' 'Ljava/lang/ClassLoader;' @64  a 'jdk/internal/loader/ClassLoaders$AppClassLoader'{0x0000000628816438} (0xc5102c87)
 - private final 'holder' 'Ljava/lang/Thread$FieldHolder;' @68  a 'java/lang/Thread$FieldHolder'{0x0000000628801f88} (0xc51003f1)
 - 'threadLocals' 'Ljava/lang/ThreadLocal$ThreadLocalMap;' @72  a 'java/lang/ThreadLocal$ThreadLocalMap'{0x0000000628415450} (0xc5082a8a)
 - 'inheritableThreadLocals' 'Ljava/lang/ThreadLocal$ThreadLocalMap;' @76  null (0x00000000)
 - private 'scopedValueBindings' 'Ljava/lang/Object;' @80  a 'java/lang/Class'{0x00000007ffc7c890} = 'java/lang/Thread' (0xfff8f912)
 - final 'interruptLock' 'Ljava/lang/Object;' @84  a 'java/lang/Object'{0x0000000628801f78} (0xc51003ef)
 - private volatile 'parkBlocker' 'Ljava/lang/Object;' @88  null (0x00000000)
 - private 'nioBlocker' 'Lsun/nio/ch/Interruptible;' @92  null (0x00000000)
 - private 'cont' 'Ljdk/internal/vm/Continuation;' @96  null (0x00000000)
 - private volatile 'uncaughtExceptionHandler' 'Ljava/lang/Thread$UncaughtExceptionHandler;' @100  null (0x00000000)
 - private 'container' 'Ljdk/internal/vm/ThreadContainer;' @104  null (0x00000000)
 - private volatile 'headStackableScopes' 'Ljdk/internal/vm/StackableScope;' @108  null (0x00000000)
R10=0x00007ffe901f9fb0 jvm.dll
R11=0x0000000000000002 is an unknown value
R12=0x00000001006fe940 is pointing into the stack for thread: 0x00000170982fa3d0
R13=0x000001708d26c6f0 points into unknown readable memory: 0x00007ffe9016a510 | 10 a5 16 90 fe 7f 00 00
R14=0x00000170982fa798 points into unknown readable memory: 0x00007ffe901617b0 | b0 17 16 90 fe 7f 00 00
R15=0x00000170982fa798 points into unknown readable memory: 0x00007ffe901617b0 | b0 17 16 90 fe 7f 00 00

Top of Stack: (sp=0x00000001006fe7d0)
0x00000001006fe7d0:   00000001006fe940 00000170b545ce58   @.o.....X.E.p...
0x00000001006fe7e0:   0000000000000000 00000170982fab20   ........ ./.p...
0x00000001006fe7f0:   0000000000000020 00007ffeda8434db    ........4......
0x00000001006fe800:   0000000000000000 00000170982fa798   ........../.p...
0x00000001006fe810:   00000001006fe901 0000000000000000   ..o.............
0x00000001006fe820:   00000170fc8a5940 00007ffeda842134   @Y..p...4!......
0x00000001006fe830:   0000000000000000 0000000000000020   ........ .......
0x00000001006fe840:   0000000000000000 0000000000000020   ........ .......
0x00000001006fe850:   0000000c8ed23c68 00000170fc5bc840   h<......@.[.p...
0x00000001006fe860:   00000170fc8a5940 00000170fc8a59c0   @Y..p....Y..p...
0x00000001006fe870:   00000170fc8a59e8 0000017000005d70   .Y..p...p]..p...
0x00000001006fe880:   0000000000000000 0000000000000000   ................
0x00000001006fe890:   0000000000000000 00007ffe8f9c57d4   .........W......
0x00000001006fe8a0:   00007ffeda99ae00 0000000000005808   .........X......
0x00000001006fe8b0:   00007ffeda99ae00 00000000ffffffff   ................
0x00000001006fe8c0:   0000000000000000 00007ffeda8429aa   .........)......
0x00000001006fe8d0:   00000170982fa798 0000000000000000   ../.p...........
0x00000001006fe8e0:   00000001006fe949 000001708d26c6f0   I.o.......&.p...
0x00000001006fe8f0:   00000170000021b4 0000000000000000   .!..p...........
0x00000001006fe900:   0000000000000000 00007ffeeb32e1a9   ..........2.....
0x00000001006fe910:   00000170982fa798 00007ffeda99ae00   ../.p...........
0x00000001006fe920:   0000000000000000 00007ffeda8dbc53   ........S.......
0x00000001006fe930:   0000000000000000 00000170982fa798   ........../.p...
0x00000001006fe940:   00000170b56b9ab0 00000170b56b9eb0   ..k.p.....k.p...
0x00000001006fe950:   00000170b56b9eb0 00007ffeda99ae00   ..k.p...........
0x00000001006fe960:   000001708ed23c68 00000001006fead8   h<..p.....o.....
0x00000001006fe970:   00000001006fec10 0000000000008840   ..o.....@.......
0x00000001006fe980:   00007ffeda98d080 00007ffeda99ae50   ........P.......
0x00000001006fe990:   0000000000989680 0000000000989680   ................
0x00000001006fe9a0:   00000001006feab0 00007ffeda83d561   ..o.....a.......
0x00000001006fe9b0:   00007ffeda99ae00 00007ffeda99ae58   ........X.......
0x00000001006fe9c0:   00007ffe00000000 007dad9700000001   ..............}.

Instructions: (pc=0x00007ffeda843004)
  0x00007ffeda842f04:   cc cc cc cc cc cc cc cc cc cc cc cc cc cc cc cc
  0x00007ffeda842f14:   cc cc cc cc cc cc cc cc cc cc cc cc cc cc cc cc
  0x00007ffeda842f24:   cc cc cc cc cc cc cc cc cc cc cc cc cc cc cc cc
  0x00007ffeda842f34:   cc cc cc cc cc cc cc cc cc cc cc cc cc cc cc cc
  0x00007ffeda842f44:   cc cc cc cc cc cc cc cc cc cc cc cc cc cc cc cc
  0x00007ffeda842f54:   cc cc cc cc cc cc cc cc cc cc cc cc cc cc cc cc
  0x00007ffeda842f64:   cc cc cc cc cc cc cc cc cc cc cc cc cc cc cc cc
  0x00007ffeda842f74:   cc cc cc cc cc cc cc cc cc cc cc cc cc cc cc cc
  0x00007ffeda842f84:   cc cc cc cc cc cc cc cc cc cc cc cc 40 57 48 83
  0x00007ffeda842f94:   ec 20 48 8b f9 48 8b 0d 30 80 15 00 48 85 c9 74
  0x00007ffeda842fa4:   20 48 8b 01 48 8d 54 24 38 41 b8 06 00 01 00 4c
  0x00007ffeda842fb4:   8b 48 30 41 ff d1 85 c0 75 07 48 8b 4c 24 38 eb
  0x00007ffeda842fc4:   02 33 c9 4c 8b 05 0a 81 15 00 48 89 5c 24 30 4d
  0x00007ffeda842fd4:   85 c0 74 4a 48 8b 01 48 8b d7 4c 8b 88 28 03 00
  0x00007ffeda842fe4:   00 41 ff d1 48 85 c0 74 35 48 63 0d b8 3d 15 00
  0x00007ffeda842ff4:   48 8b 14 01 48 85 d2 74 15 48 63 05 bc 3d 15 00
=>0x00007ffeda843004:   8b 04 10 48 8b 5c 24 30 48 83 c4 20 5f c3 b8 ff
  0x00007ffeda843014:   ff ff ff 48 8b 5c 24 30 48 83 c4 20 5f c3 80 3d
  0x00007ffeda843024:   bb 7f 15 00 00 bb ff ff ff ff 74 20 4c 8b 0d 51
  0x00007ffeda843034:   7c 15 00 4c 8d 44 24 38 48 8b 0d 35 7c 15 00 48
  0x00007ffeda843044:   8b d7 41 ff d1 85 c0 0f 44 5c 24 38 8b c3 48 8b
  0x00007ffeda843054:   5c 24 30 48 83 c4 20 5f c3 cc cc cc cc cc cc cc
  0x00007ffeda843064:   cc cc cc cc cc cc cc cc cc cc cc cc cc cc cc cc
  0x00007ffeda843074:   cc cc cc cc cc cc cc cc cc cc cc cc cc cc cc cc
  0x00007ffeda843084:   cc cc cc cc cc cc cc cc cc cc cc cc 48 89 54 24
  0x00007ffeda843094:   10 53 55 56 57 41 56 41 57 48 83 ec 28 48 8b f2
  0x00007ffeda8430a4:   4c 8b f1 48 89 4c 24 78 45 33 ff 44 89 7c 24 68
  0x00007ffeda8430b4:   c7 44 24 60 01 00 00 00 48 8d 4c 24 68 e8 69 3c
  0x00007ffeda8430c4:   f7 ff 8b d8 48 8d 4c 24 60 e8 5d 3c f7 ff 8b e8
  0x00007ffeda8430d4:   49 8b ce e8 33 f3 f6 ff 48 8b f8 90 8b c3 f0 0f
  0x00007ffeda8430e4:   b1 2f 74 04 f3 90 eb f4 4c 89 3e 4c 89 7e 08 4c
  0x00007ffeda8430f4:   89 7e 10 49 8b 6e 08 4d 8b 76 10 49 3b ee 0f 84


Stack slot to memory mapping:

stack at sp + 0 slots: 0x00000001006fe940 is pointing into the stack for thread: 0x00000170982fa3d0
stack at sp + 1 slots: 0x00000170b545ce58 points into unknown readable memory: 0x0000000628801ed8 | d8 1e 80 28 06 00 00 00
stack at sp + 2 slots: 0x0 is null
stack at sp + 3 slots: 0x00000170982fab20 points into unknown readable memory: 0x6e616c2e6176616a | 6a 61 76 61 2e 6c 61 6e
stack at sp + 4 slots: 0x0000000000000020 is an unknown value
stack at sp + 5 slots: 0x00007ffeda8434db libasyncProfiler.dll
stack at sp + 6 slots: 0x0 is null
stack at sp + 7 slots: 0x00000170982fa798 points into unknown readable memory: 0x00007ffe901617b0 | b0 17 16 90 fe 7f 00 00

Lock stack of current Java thread (top to bottom):


---------------  P R O C E S S  ---------------

Threads class SMR info:
_java_thread_list=0x00000170fc867490, length=24, elements={
0x00000170982fa3d0, 0x00000170b5177140, 0x00000170b5177880, 0x00000170b517fd60,
0x00000170b5180700, 0x00000170b518a470, 0x00000170b518b940, 0x00000170b518c700,
0x00000170b51a4720, 0x00000170b52a1e40, 0x00000170b52a7d20, 0x00000170b52cc2f0,
0x00000170b53f2440, 0x00000170b5454770, 0x00000170fb018370, 0x00000170b5b4a830,
0x00000170fb2383e0, 0x00000170fb1bec00, 0x00000170fbcf10a0, 0x00000170fc5c64a0,
0x00000170fc8b34d0, 0x00000170fc68e1c0, 0x00000170fc8674d0, 0x00000170fc8902f0
}

Java Threads: ( => current thread )
=>0x00000170982fa3d0 JavaThread "main"                              [_thread_in_native, id=25672, stack(0x0000000100600000,0x0000000100700000) (1024K)]
  0x00000170b5177140 JavaThread "Reference Handler"          daemon [_thread_blocked, id=4536, stack(0x0000000100e00000,0x0000000100f00000) (1024K)]
  0x00000170b5177880 JavaThread "Finalizer"                  daemon [_thread_blocked, id=16988, stack(0x0000000100f00000,0x0000000101000000) (1024K)]
  0x00000170b517fd60 JavaThread "Signal Dispatcher"          daemon [_thread_blocked, id=3128, stack(0x0000000101000000,0x0000000101100000) (1024K)]
  0x00000170b5180700 JavaThread "Attach Listener"            daemon [_thread_blocked, id=8416, stack(0x0000000101100000,0x0000000101200000) (1024K)]
  0x00000170b518a470 JavaThread "Service Thread"             daemon [_thread_blocked, id=9564, stack(0x0000000101200000,0x0000000101300000) (1024K)]
  0x00000170b518b940 JavaThread "Monitor Deflation Thread"   daemon [_thread_blocked, id=22092, stack(0x0000000101300000,0x0000000101400000) (1024K)]
  0x00000170b518c700 JavaThread "C2 CompilerThread0"         daemon [_thread_blocked, id=23264, stack(0x0000000101400000,0x0000000101500000) (1024K)]
  0x00000170b51a4720 JavaThread "C1 CompilerThread0"         daemon [_thread_blocked, id=21316, stack(0x0000000101500000,0x0000000101600000) (1024K)]
  0x00000170b52a1e40 JavaThread "C1 CompilerThread1"         daemon [_thread_blocked, id=18296, stack(0x0000000101600000,0x0000000101700000) (1024K)]
  0x00000170b52a7d20 JavaThread "C1 CompilerThread2"         daemon [_thread_blocked, id=18680, stack(0x0000000101700000,0x0000000101800000) (1024K)]
  0x00000170b52cc2f0 JavaThread "C2 CompilerThread1"         daemon [_thread_blocked, id=24260, stack(0x0000000101800000,0x0000000101900000) (1024K)]
  0x00000170b53f2440 JavaThread "Common-Cleaner"             daemon [_thread_blocked, id=704, stack(0x0000000101900000,0x0000000101a00000) (1024K)]
  0x00000170b5454770 JavaThread "Monitor Ctrl-Break"         daemon [_thread_in_native, id=9948, stack(0x0000000101a00000,0x0000000101b00000) (1024K)]
  0x00000170fb018370 JavaThread "C1 CompilerThread3"         daemon [_thread_blocked, id=5208, stack(0x0000000101b00000,0x0000000101c00000) (1024K)]
  0x00000170b5b4a830 JavaThread "C2 CompilerThread2"         daemon [_thread_in_native, id=26904, stack(0x0000000101c00000,0x0000000101d00000) (1024K)]
  0x00000170fb2383e0 JavaThread "JFR Recorder Thread"        daemon [_thread_in_native, id=10800, stack(0x0000000101d00000,0x0000000101e00000) (1024K)]
  0x00000170fb1bec00 JavaThread "C2 CompilerThread3"         daemon [_thread_blocked, id=4000, stack(0x0000000101e00000,0x0000000101f00000) (1024K)]
  0x00000170fbcf10a0 JavaThread "C2 CompilerThread4"         daemon [_thread_blocked, id=24452, stack(0x0000000101f00000,0x0000000102000000) (1024K)]
  0x00000170fc5c64a0 JavaThread "JFR Periodic Tasks"         daemon [_thread_blocked, id=12092, stack(0x0000000102000000,0x0000000102100000) (1024K)]
  0x00000170fc8b34d0 JavaThread "RMI TCP Accept-0"           daemon [_thread_in_native, id=23920, stack(0x0000000102100000,0x0000000102200000) (1024K)]
  0x00000170fc68e1c0 JavaThread "RMI TCP Connection(1)-172.20.10.5" daemon [_thread_in_native, id=27268, stack(0x0000000102200000,0x0000000102300000) (1024K)]
  0x00000170fc8674d0 JavaThread "RMI Scheduler(0)"           daemon [_thread_blocked, id=16744, stack(0x0000000102300000,0x0000000102400000) (1024K)]
  0x00000170fc8902f0 JavaThread "JMX server connection timeout 42" daemon [_thread_blocked, id=4460, stack(0x0000000102400000,0x0000000102500000) (1024K)]
Total: 24

Other Threads:
  0x00000170b5161d40 VMThread "VM Thread"                           [id=14976, stack(0x0000000100d00000,0x0000000100e00000) (1024K)]
  0x000001709849de50 WatcherThread "VM Periodic Task Thread"        [id=27644, stack(0x0000000100c00000,0x0000000100d00000) (1024K)]
  0x00000170983a1de0 WorkerThread "GC Thread#0"                     [id=17116, stack(0x0000000100700000,0x0000000100800000) (1024K)]
  0x00000170983b6800 ConcurrentGCThread "G1 Main Marker"            [id=20284, stack(0x0000000100800000,0x0000000100900000) (1024K)]
  0x00000170983baa40 WorkerThread "G1 Conc#0"                       [id=12256, stack(0x0000000100900000,0x0000000100a00000) (1024K)]
  0x000001709846fd70 ConcurrentGCThread "G1 Refine#0"               [id=14580, stack(0x0000000100a00000,0x0000000100b00000) (1024K)]
  0x00000170984711c0 ConcurrentGCThread "G1 Service"                [id=8860, stack(0x0000000100b00000,0x0000000100c00000) (1024K)]
Total: 7

Threads with active compile tasks:
C2 CompilerThread2  921 1804       4       jdk.jfr.internal.MetadataWriter::write (168 bytes)
Total: 1

VM state: not at safepoint (normal execution)

VM Mutex/Monitor currently owned by a thread: None

Heap address: 0x0000000609400000, size: 8044 MB, Compressed Oops mode: Zero based, Oop shift amount: 3

CDS archive(s) mapped at: [0x00000170b6000000-0x00000170b6d40000-0x00000170b6d40000), size 13893632, SharedBaseAddress: 0x00000170b6000000, ArchiveRelocationMode: 1.
Compressed class space mapped at: 0x00000170b7000000-0x00000170f7000000, reserved size: 1073741824
UseCompressedClassPointers 1, UseCompactObjectHeaders 0
Narrow klass pointer bits 32, Max shift 3
Narrow klass base: 0x00000170b6000000, Narrow klass shift: 0
Encoding Range: [0x00000170b6000000 - 0x00000171b6000000), (4294967296 bytes)
Klass Range:    [0x00000170b6000000 - 0x00000170f7000000), (1090519040 bytes)
Klass ID Range:  [8 - 1090519033) (1090519025)

GC Precious Log:
 CardTable entry size: 512
 Card Set container configuration: InlinePtr #cards 4 size 8 Array Of Cards #cards 32 size 80 Howl #buckets 8 coarsen threshold 7372 Howl Bitmap #cards 1024 size 144 coarsen threshold 921 Card regions per heap region 1 cards per card region 8192
 CPUs: 16 total, 16 available
 Memory: 32173M
 Large Page Support: Disabled
 NUMA Support: Disabled
 Compressed Oops: Enabled (Zero based)
 Heap Region Size: 4M
 Heap Min Capacity: 8M
 Heap Initial Capacity: 504M
 Heap Max Capacity: 8044M
 Pre-touch: Disabled
 Parallel Workers: 13
 Concurrent Workers: 3
 Concurrent Refinement Workers: 13
 Periodic GC: Disabled

Heap:
 garbage-first heap   total reserved 8237056K, committed 520192K, used 29812K [0x0000000609400000, 0x0000000800000000)
  region size 4096K, 8 young (32768K), 0 survivors (0K)
 Metaspace       used 7621K, committed 7808K, reserved 1114112K
  class space    used 709K, committed 768K, reserved 1048576K

Heap Regions: E=young(eden), S=young(survivor), O=old, HS=humongous(starts), HC=humongous(continues), CS=collection set, F=free, TAMS=top-at-mark-start, PB=parsable bottom
|   0|0x0000000609400000, 0x0000000609400000, 0x0000000609800000|  0%| F|  |TAMS 0x0000000609400000| PB 0x0000000609400000| Untracked |  0
|   1|0x0000000609800000, 0x0000000609800000, 0x0000000609c00000|  0%| F|  |TAMS 0x0000000609800000| PB 0x0000000609800000| Untracked |  0
|   2|0x0000000609c00000, 0x0000000609c00000, 0x000000060a000000|  0%| F|  |TAMS 0x0000000609c00000| PB 0x0000000609c00000| Untracked |  0
|   3|0x000000060a000000, 0x000000060a000000, 0x000000060a400000|  0%| F|  |TAMS 0x000000060a000000| PB 0x000000060a000000| Untracked |  0
|   4|0x000000060a400000, 0x000000060a400000, 0x000000060a800000|  0%| F|  |TAMS 0x000000060a400000| PB 0x000000060a400000| Untracked |  0
|   5|0x000000060a800000, 0x000000060a800000, 0x000000060ac00000|  0%| F|  |TAMS 0x000000060a800000| PB 0x000000060a800000| Untracked |  0
|   6|0x000000060ac00000, 0x000000060ac00000, 0x000000060b000000|  0%| F|  |TAMS 0x000000060ac00000| PB 0x000000060ac00000| Untracked |  0
|   7|0x000000060b000000, 0x000000060b000000, 0x000000060b400000|  0%| F|  |TAMS 0x000000060b000000| PB 0x000000060b000000| Untracked |  0
|   8|0x000000060b400000, 0x000000060b400000, 0x000000060b800000|  0%| F|  |TAMS 0x000000060b400000| PB 0x000000060b400000| Untracked |  0
|   9|0x000000060b800000, 0x000000060b800000, 0x000000060bc00000|  0%| F|  |TAMS 0x000000060b800000| PB 0x000000060b800000| Untracked |  0
|  10|0x000000060bc00000, 0x000000060bc00000, 0x000000060c000000|  0%| F|  |TAMS 0x000000060bc00000| PB 0x000000060bc00000| Untracked |  0
|  11|0x000000060c000000, 0x000000060c000000, 0x000000060c400000|  0%| F|  |TAMS 0x000000060c000000| PB 0x000000060c000000| Untracked |  0
|  12|0x000000060c400000, 0x000000060c400000, 0x000000060c800000|  0%| F|  |TAMS 0x000000060c400000| PB 0x000000060c400000| Untracked |  0
|  13|0x000000060c800000, 0x000000060c800000, 0x000000060cc00000|  0%| F|  |TAMS 0x000000060c800000| PB 0x000000060c800000| Untracked |  0
|  14|0x000000060cc00000, 0x000000060cc00000, 0x000000060d000000|  0%| F|  |TAMS 0x000000060cc00000| PB 0x000000060cc00000| Untracked |  0
|  15|0x000000060d000000, 0x000000060d000000, 0x000000060d400000|  0%| F|  |TAMS 0x000000060d000000| PB 0x000000060d000000| Untracked |  0
|  16|0x000000060d400000, 0x000000060d400000, 0x000000060d800000|  0%| F|  |TAMS 0x000000060d400000| PB 0x000000060d400000| Untracked |  0
|  17|0x000000060d800000, 0x000000060d800000, 0x000000060dc00000|  0%| F|  |TAMS 0x000000060d800000| PB 0x000000060d800000| Untracked |  0
|  18|0x000000060dc00000, 0x000000060dc00000, 0x000000060e000000|  0%| F|  |TAMS 0x000000060dc00000| PB 0x000000060dc00000| Untracked |  0
|  19|0x000000060e000000, 0x000000060e000000, 0x000000060e400000|  0%| F|  |TAMS 0x000000060e000000| PB 0x000000060e000000| Untracked |  0
|  20|0x000000060e400000, 0x000000060e400000, 0x000000060e800000|  0%| F|  |TAMS 0x000000060e400000| PB 0x000000060e400000| Untracked |  0
|  21|0x000000060e800000, 0x000000060e800000, 0x000000060ec00000|  0%| F|  |TAMS 0x000000060e800000| PB 0x000000060e800000| Untracked |  0
|  22|0x000000060ec00000, 0x000000060ec00000, 0x000000060f000000|  0%| F|  |TAMS 0x000000060ec00000| PB 0x000000060ec00000| Untracked |  0
|  23|0x000000060f000000, 0x000000060f000000, 0x000000060f400000|  0%| F|  |TAMS 0x000000060f000000| PB 0x000000060f000000| Untracked |  0
|  24|0x000000060f400000, 0x000000060f400000, 0x000000060f800000|  0%| F|  |TAMS 0x000000060f400000| PB 0x000000060f400000| Untracked |  0
|  25|0x000000060f800000, 0x000000060f800000, 0x000000060fc00000|  0%| F|  |TAMS 0x000000060f800000| PB 0x000000060f800000| Untracked |  0
|  26|0x000000060fc00000, 0x000000060fc00000, 0x0000000610000000|  0%| F|  |TAMS 0x000000060fc00000| PB 0x000000060fc00000| Untracked |  0
|  27|0x0000000610000000, 0x0000000610000000, 0x0000000610400000|  0%| F|  |TAMS 0x0000000610000000| PB 0x0000000610000000| Untracked |  0
|  28|0x0000000610400000, 0x0000000610400000, 0x0000000610800000|  0%| F|  |TAMS 0x0000000610400000| PB 0x0000000610400000| Untracked |  0
|  29|0x0000000610800000, 0x0000000610800000, 0x0000000610c00000|  0%| F|  |TAMS 0x0000000610800000| PB 0x0000000610800000| Untracked |  0
|  30|0x0000000610c00000, 0x0000000610c00000, 0x0000000611000000|  0%| F|  |TAMS 0x0000000610c00000| PB 0x0000000610c00000| Untracked |  0
|  31|0x0000000611000000, 0x0000000611000000, 0x0000000611400000|  0%| F|  |TAMS 0x0000000611000000| PB 0x0000000611000000| Untracked |  0
|  32|0x0000000611400000, 0x0000000611400000, 0x0000000611800000|  0%| F|  |TAMS 0x0000000611400000| PB 0x0000000611400000| Untracked |  0
|  33|0x0000000611800000, 0x0000000611800000, 0x0000000611c00000|  0%| F|  |TAMS 0x0000000611800000| PB 0x0000000611800000| Untracked |  0
|  34|0x0000000611c00000, 0x0000000611c00000, 0x0000000612000000|  0%| F|  |TAMS 0x0000000611c00000| PB 0x0000000611c00000| Untracked |  0
|  35|0x0000000612000000, 0x0000000612000000, 0x0000000612400000|  0%| F|  |TAMS 0x0000000612000000| PB 0x0000000612000000| Untracked |  0
|  36|0x0000000612400000, 0x0000000612400000, 0x0000000612800000|  0%| F|  |TAMS 0x0000000612400000| PB 0x0000000612400000| Untracked |  0
|  37|0x0000000612800000, 0x0000000612800000, 0x0000000612c00000|  0%| F|  |TAMS 0x0000000612800000| PB 0x0000000612800000| Untracked |  0
|  38|0x0000000612c00000, 0x0000000612c00000, 0x0000000613000000|  0%| F|  |TAMS 0x0000000612c00000| PB 0x0000000612c00000| Untracked |  0
|  39|0x0000000613000000, 0x0000000613000000, 0x0000000613400000|  0%| F|  |TAMS 0x0000000613000000| PB 0x0000000613000000| Untracked |  0
|  40|0x0000000613400000, 0x0000000613400000, 0x0000000613800000|  0%| F|  |TAMS 0x0000000613400000| PB 0x0000000613400000| Untracked |  0
|  41|0x0000000613800000, 0x0000000613800000, 0x0000000613c00000|  0%| F|  |TAMS 0x0000000613800000| PB 0x0000000613800000| Untracked |  0
|  42|0x0000000613c00000, 0x0000000613c00000, 0x0000000614000000|  0%| F|  |TAMS 0x0000000613c00000| PB 0x0000000613c00000| Untracked |  0
|  43|0x0000000614000000, 0x0000000614000000, 0x0000000614400000|  0%| F|  |TAMS 0x0000000614000000| PB 0x0000000614000000| Untracked |  0
|  44|0x0000000614400000, 0x0000000614400000, 0x0000000614800000|  0%| F|  |TAMS 0x0000000614400000| PB 0x0000000614400000| Untracked |  0
|  45|0x0000000614800000, 0x0000000614800000, 0x0000000614c00000|  0%| F|  |TAMS 0x0000000614800000| PB 0x0000000614800000| Untracked |  0
|  46|0x0000000614c00000, 0x0000000614c00000, 0x0000000615000000|  0%| F|  |TAMS 0x0000000614c00000| PB 0x0000000614c00000| Untracked |  0
|  47|0x0000000615000000, 0x0000000615000000, 0x0000000615400000|  0%| F|  |TAMS 0x0000000615000000| PB 0x0000000615000000| Untracked |  0
|  48|0x0000000615400000, 0x0000000615400000, 0x0000000615800000|  0%| F|  |TAMS 0x0000000615400000| PB 0x0000000615400000| Untracked |  0
|  49|0x0000000615800000, 0x0000000615800000, 0x0000000615c00000|  0%| F|  |TAMS 0x0000000615800000| PB 0x0000000615800000| Untracked |  0
|  50|0x0000000615c00000, 0x0000000615c00000, 0x0000000616000000|  0%| F|  |TAMS 0x0000000615c00000| PB 0x0000000615c00000| Untracked |  0
|  51|0x0000000616000000, 0x0000000616000000, 0x0000000616400000|  0%| F|  |TAMS 0x0000000616000000| PB 0x0000000616000000| Untracked |  0
|  52|0x0000000616400000, 0x0000000616400000, 0x0000000616800000|  0%| F|  |TAMS 0x0000000616400000| PB 0x0000000616400000| Untracked |  0
|  53|0x0000000616800000, 0x0000000616800000, 0x0000000616c00000|  0%| F|  |TAMS 0x0000000616800000| PB 0x0000000616800000| Untracked |  0
|  54|0x0000000616c00000, 0x0000000616c00000, 0x0000000617000000|  0%| F|  |TAMS 0x0000000616c00000| PB 0x0000000616c00000| Untracked |  0
|  55|0x0000000617000000, 0x0000000617000000, 0x0000000617400000|  0%| F|  |TAMS 0x0000000617000000| PB 0x0000000617000000| Untracked |  0
|  56|0x0000000617400000, 0x0000000617400000, 0x0000000617800000|  0%| F|  |TAMS 0x0000000617400000| PB 0x0000000617400000| Untracked |  0
|  57|0x0000000617800000, 0x0000000617800000, 0x0000000617c00000|  0%| F|  |TAMS 0x0000000617800000| PB 0x0000000617800000| Untracked |  0
|  58|0x0000000617c00000, 0x0000000617c00000, 0x0000000618000000|  0%| F|  |TAMS 0x0000000617c00000| PB 0x0000000617c00000| Untracked |  0
|  59|0x0000000618000000, 0x0000000618000000, 0x0000000618400000|  0%| F|  |TAMS 0x0000000618000000| PB 0x0000000618000000| Untracked |  0
|  60|0x0000000618400000, 0x0000000618400000, 0x0000000618800000|  0%| F|  |TAMS 0x0000000618400000| PB 0x0000000618400000| Untracked |  0
|  61|0x0000000618800000, 0x0000000618800000, 0x0000000618c00000|  0%| F|  |TAMS 0x0000000618800000| PB 0x0000000618800000| Untracked |  0
|  62|0x0000000618c00000, 0x0000000618c00000, 0x0000000619000000|  0%| F|  |TAMS 0x0000000618c00000| PB 0x0000000618c00000| Untracked |  0
|  63|0x0000000619000000, 0x0000000619000000, 0x0000000619400000|  0%| F|  |TAMS 0x0000000619000000| PB 0x0000000619000000| Untracked |  0
|  64|0x0000000619400000, 0x0000000619400000, 0x0000000619800000|  0%| F|  |TAMS 0x0000000619400000| PB 0x0000000619400000| Untracked |  0
|  65|0x0000000619800000, 0x0000000619800000, 0x0000000619c00000|  0%| F|  |TAMS 0x0000000619800000| PB 0x0000000619800000| Untracked |  0
|  66|0x0000000619c00000, 0x0000000619c00000, 0x000000061a000000|  0%| F|  |TAMS 0x0000000619c00000| PB 0x0000000619c00000| Untracked |  0
|  67|0x000000061a000000, 0x000000061a000000, 0x000000061a400000|  0%| F|  |TAMS 0x000000061a000000| PB 0x000000061a000000| Untracked |  0
|  68|0x000000061a400000, 0x000000061a400000, 0x000000061a800000|  0%| F|  |TAMS 0x000000061a400000| PB 0x000000061a400000| Untracked |  0
|  69|0x000000061a800000, 0x000000061a800000, 0x000000061ac00000|  0%| F|  |TAMS 0x000000061a800000| PB 0x000000061a800000| Untracked |  0
|  70|0x000000061ac00000, 0x000000061ac00000, 0x000000061b000000|  0%| F|  |TAMS 0x000000061ac00000| PB 0x000000061ac00000| Untracked |  0
|  71|0x000000061b000000, 0x000000061b000000, 0x000000061b400000|  0%| F|  |TAMS 0x000000061b000000| PB 0x000000061b000000| Untracked |  0
|  72|0x000000061b400000, 0x000000061b400000, 0x000000061b800000|  0%| F|  |TAMS 0x000000061b400000| PB 0x000000061b400000| Untracked |  0
|  73|0x000000061b800000, 0x000000061b800000, 0x000000061bc00000|  0%| F|  |TAMS 0x000000061b800000| PB 0x000000061b800000| Untracked |  0
|  74|0x000000061bc00000, 0x000000061bc00000, 0x000000061c000000|  0%| F|  |TAMS 0x000000061bc00000| PB 0x000000061bc00000| Untracked |  0
|  75|0x000000061c000000, 0x000000061c000000, 0x000000061c400000|  0%| F|  |TAMS 0x000000061c000000| PB 0x000000061c000000| Untracked |  0
|  76|0x000000061c400000, 0x000000061c400000, 0x000000061c800000|  0%| F|  |TAMS 0x000000061c400000| PB 0x000000061c400000| Untracked |  0
|  77|0x000000061c800000, 0x000000061c800000, 0x000000061cc00000|  0%| F|  |TAMS 0x000000061c800000| PB 0x000000061c800000| Untracked |  0
|  78|0x000000061cc00000, 0x000000061cc00000, 0x000000061d000000|  0%| F|  |TAMS 0x000000061cc00000| PB 0x000000061cc00000| Untracked |  0
|  79|0x000000061d000000, 0x000000061d000000, 0x000000061d400000|  0%| F|  |TAMS 0x000000061d000000| PB 0x000000061d000000| Untracked |  0
|  80|0x000000061d400000, 0x000000061d400000, 0x000000061d800000|  0%| F|  |TAMS 0x000000061d400000| PB 0x000000061d400000| Untracked |  0
|  81|0x000000061d800000, 0x000000061d800000, 0x000000061dc00000|  0%| F|  |TAMS 0x000000061d800000| PB 0x000000061d800000| Untracked |  0
|  82|0x000000061dc00000, 0x000000061dc00000, 0x000000061e000000|  0%| F|  |TAMS 0x000000061dc00000| PB 0x000000061dc00000| Untracked |  0
|  83|0x000000061e000000, 0x000000061e000000, 0x000000061e400000|  0%| F|  |TAMS 0x000000061e000000| PB 0x000000061e000000| Untracked |  0
|  84|0x000000061e400000, 0x000000061e400000, 0x000000061e800000|  0%| F|  |TAMS 0x000000061e400000| PB 0x000000061e400000| Untracked |  0
|  85|0x000000061e800000, 0x000000061e800000, 0x000000061ec00000|  0%| F|  |TAMS 0x000000061e800000| PB 0x000000061e800000| Untracked |  0
|  86|0x000000061ec00000, 0x000000061ec00000, 0x000000061f000000|  0%| F|  |TAMS 0x000000061ec00000| PB 0x000000061ec00000| Untracked |  0
|  87|0x000000061f000000, 0x000000061f000000, 0x000000061f400000|  0%| F|  |TAMS 0x000000061f000000| PB 0x000000061f000000| Untracked |  0
|  88|0x000000061f400000, 0x000000061f400000, 0x000000061f800000|  0%| F|  |TAMS 0x000000061f400000| PB 0x000000061f400000| Untracked |  0
|  89|0x000000061f800000, 0x000000061f800000, 0x000000061fc00000|  0%| F|  |TAMS 0x000000061f800000| PB 0x000000061f800000| Untracked |  0
|  90|0x000000061fc00000, 0x000000061fc00000, 0x0000000620000000|  0%| F|  |TAMS 0x000000061fc00000| PB 0x000000061fc00000| Untracked |  0
|  91|0x0000000620000000, 0x0000000620000000, 0x0000000620400000|  0%| F|  |TAMS 0x0000000620000000| PB 0x0000000620000000| Untracked |  0
|  92|0x0000000620400000, 0x0000000620400000, 0x0000000620800000|  0%| F|  |TAMS 0x0000000620400000| PB 0x0000000620400000| Untracked |  0
|  93|0x0000000620800000, 0x0000000620800000, 0x0000000620c00000|  0%| F|  |TAMS 0x0000000620800000| PB 0x0000000620800000| Untracked |  0
|  94|0x0000000620c00000, 0x0000000620c00000, 0x0000000621000000|  0%| F|  |TAMS 0x0000000620c00000| PB 0x0000000620c00000| Untracked |  0
|  95|0x0000000621000000, 0x0000000621000000, 0x0000000621400000|  0%| F|  |TAMS 0x0000000621000000| PB 0x0000000621000000| Untracked |  0
|  96|0x0000000621400000, 0x0000000621400000, 0x0000000621800000|  0%| F|  |TAMS 0x0000000621400000| PB 0x0000000621400000| Untracked |  0
|  97|0x0000000621800000, 0x0000000621800000, 0x0000000621c00000|  0%| F|  |TAMS 0x0000000621800000| PB 0x0000000621800000| Untracked |  0
|  98|0x0000000621c00000, 0x0000000621c00000, 0x0000000622000000|  0%| F|  |TAMS 0x0000000621c00000| PB 0x0000000621c00000| Untracked |  0
|  99|0x0000000622000000, 0x0000000622000000, 0x0000000622400000|  0%| F|  |TAMS 0x0000000622000000| PB 0x0000000622000000| Untracked |  0
| 100|0x0000000622400000, 0x0000000622400000, 0x0000000622800000|  0%| F|  |TAMS 0x0000000622400000| PB 0x0000000622400000| Untracked |  0
| 101|0x0000000622800000, 0x0000000622800000, 0x0000000622c00000|  0%| F|  |TAMS 0x0000000622800000| PB 0x0000000622800000| Untracked |  0
| 102|0x0000000622c00000, 0x0000000622c00000, 0x0000000623000000|  0%| F|  |TAMS 0x0000000622c00000| PB 0x0000000622c00000| Untracked |  0
| 103|0x0000000623000000, 0x0000000623000000, 0x0000000623400000|  0%| F|  |TAMS 0x0000000623000000| PB 0x0000000623000000| Untracked |  0
| 104|0x0000000623400000, 0x0000000623400000, 0x0000000623800000|  0%| F|  |TAMS 0x0000000623400000| PB 0x0000000623400000| Untracked |  0
| 105|0x0000000623800000, 0x0000000623800000, 0x0000000623c00000|  0%| F|  |TAMS 0x0000000623800000| PB 0x0000000623800000| Untracked |  0
| 106|0x0000000623c00000, 0x0000000623c00000, 0x0000000624000000|  0%| F|  |TAMS 0x0000000623c00000| PB 0x0000000623c00000| Untracked |  0
| 107|0x0000000624000000, 0x0000000624000000, 0x0000000624400000|  0%| F|  |TAMS 0x0000000624000000| PB 0x0000000624000000| Untracked |  0
| 108|0x0000000624400000, 0x0000000624400000, 0x0000000624800000|  0%| F|  |TAMS 0x0000000624400000| PB 0x0000000624400000| Untracked |  0
| 109|0x0000000624800000, 0x0000000624800000, 0x0000000624c00000|  0%| F|  |TAMS 0x0000000624800000| PB 0x0000000624800000| Untracked |  0
| 110|0x0000000624c00000, 0x0000000624c00000, 0x0000000625000000|  0%| F|  |TAMS 0x0000000624c00000| PB 0x0000000624c00000| Untracked |  0
| 111|0x0000000625000000, 0x0000000625000000, 0x0000000625400000|  0%| F|  |TAMS 0x0000000625000000| PB 0x0000000625000000| Untracked |  0
| 112|0x0000000625400000, 0x0000000625400000, 0x0000000625800000|  0%| F|  |TAMS 0x0000000625400000| PB 0x0000000625400000| Untracked |  0
| 113|0x0000000625800000, 0x0000000625800000, 0x0000000625c00000|  0%| F|  |TAMS 0x0000000625800000| PB 0x0000000625800000| Untracked |  0
| 114|0x0000000625c00000, 0x0000000625c00000, 0x0000000626000000|  0%| F|  |TAMS 0x0000000625c00000| PB 0x0000000625c00000| Untracked |  0
| 115|0x0000000626000000, 0x0000000626000000, 0x0000000626400000|  0%| F|  |TAMS 0x0000000626000000| PB 0x0000000626000000| Untracked |  0
| 116|0x0000000626400000, 0x0000000626400000, 0x0000000626800000|  0%| F|  |TAMS 0x0000000626400000| PB 0x0000000626400000| Untracked |  0
| 117|0x0000000626800000, 0x0000000626800000, 0x0000000626c00000|  0%| F|  |TAMS 0x0000000626800000| PB 0x0000000626800000| Untracked |  0
| 118|0x0000000626c00000, 0x0000000626fd8168, 0x0000000627000000| 96%| E|  |TAMS 0x0000000626c00000| PB 0x0000000626c00000| Complete |  0
| 119|0x0000000627000000, 0x0000000627400000, 0x0000000627400000|100%| E|CS|TAMS 0x0000000627000000| PB 0x0000000627000000| Complete |  0
| 120|0x0000000627400000, 0x0000000627800000, 0x0000000627800000|100%| E|CS|TAMS 0x0000000627400000| PB 0x0000000627400000| Complete |  0
| 121|0x0000000627800000, 0x0000000627c00000, 0x0000000627c00000|100%| E|CS|TAMS 0x0000000627800000| PB 0x0000000627800000| Complete |  0
| 122|0x0000000627c00000, 0x0000000628000000, 0x0000000628000000|100%| E|CS|TAMS 0x0000000627c00000| PB 0x0000000627c00000| Complete |  0
| 123|0x0000000628000000, 0x0000000628400000, 0x0000000628400000|100%| E|CS|TAMS 0x0000000628000000| PB 0x0000000628000000| Complete |  0
| 124|0x0000000628400000, 0x0000000628800000, 0x0000000628800000|100%| E|CS|TAMS 0x0000000628400000| PB 0x0000000628400000| Complete |  0
| 125|0x0000000628800000, 0x0000000628c00000, 0x0000000628c00000|100%| E|CS|TAMS 0x0000000628800000| PB 0x0000000628800000| Complete |  0
|2010|0x00000007ffc00000, 0x00000007ffd1d1c0, 0x0000000800000000| 27%| O|  |TAMS 0x00000007ffc00000| PB 0x00000007ffc00000| Untracked |  0

Card table byte_map: [0x00000170a9410000,0x00000170aa3d0000] _byte_map_base: 0x00000170a63c6000

Marking Bits: (CMBitMap*) 0x00000170983a2400
 Bits: [0x00000170aa3d0000, 0x00000170b2180000)

Polling page: 0x000001708d460000

Metaspace:

Usage:
  Non-class:      6.75 MB used.
      Class:    709.44 KB used.
       Both:      7.44 MB used.

Virtual space:
  Non-class space:       64.00 MB reserved,       6.88 MB ( 11%) committed,  1 nodes.
      Class space:        1.00 GB reserved,     768.00 KB ( <1%) committed,  1 nodes.
             Both:        1.06 GB reserved,       7.62 MB ( <1%) committed. 

Chunk freelists:
   Non-Class:  8.91 MB
       Class:  15.20 MB
        Both:  24.11 MB

MaxMetaspaceSize: unlimited
CompressedClassSpaceSize: 1.00 GB
Initial GC threshold: 21.00 MB
Current GC threshold: 21.00 MB
CDS: on
 - commit_granule_bytes: 65536.
 - commit_granule_words: 8192.
 - virtual_space_node_default_size: 8388608.
 - enlarge_chunks_in_place: 1.
UseCompressedClassPointers 1, UseCompactObjectHeaders 0
Narrow klass pointer bits 32, Max shift 3
Narrow klass base: 0x00000170b6000000, Narrow klass shift: 0
Encoding Range: [0x00000170b6000000 - 0x00000171b6000000), (4294967296 bytes)
Klass Range:    [0x00000170b6000000 - 0x00000170f7000000), (1090519040 bytes)
Klass ID Range:  [8 - 1090519033) (1090519025)


Internal statistics:

num_allocs_failed_limit: 0.
num_arena_births: 180.
num_arena_deaths: 0.
num_vsnodes_births: 2.
num_vsnodes_deaths: 0.
num_space_committed: 122.
num_space_uncommitted: 0.
num_chunks_returned_to_freelist: 0.
num_chunks_taken_from_freelist: 254.
num_chunk_merges: 0.
num_chunk_splits: 140.
num_chunks_enlarged: 38.
num_inconsistent_stats: 0.

CodeHeap 'non-profiled nmethods': size=119232Kb used=577Kb max_used=577Kb free=118654Kb
 bounds [0x00000170a0030000, 0x00000170a02a0000, 0x00000170a74a0000]
CodeHeap 'profiled nmethods': size=119104Kb used=2969Kb max_used=2969Kb free=116134Kb
 bounds [0x00000170984a0000, 0x0000017098790000, 0x000001709f8f0000]
CodeHeap 'non-nmethods': size=7424Kb used=3012Kb max_used=3047Kb free=4412Kb
 bounds [0x000001709f8f0000, 0x000001709fc00000, 0x00000170a0030000]
CodeCache: size=245760Kb, used=6558Kb, max_used=6593Kb, free=239200Kb
 total_blobs=2480, nmethods=1985, adapters=397, full_count=0
Compilation: enabled, stopped_count=0, restarted_count=0

Compilation events (20 events):
Event: 0.747 Thread 0x00000170b52a7d20 1904       3       sun.security.provider.SHA::implCompressCheck (18 bytes)
Event: 0.747 Thread 0x00000170fbcf10a0 1905 %     4       sun.security.provider.SHA::implCompress0 @ 27 (478 bytes)
Event: 0.747 Thread 0x00000170b52a7d20 nmethod 1904 0x0000017098761e08 code [0x0000017098761f60, 0x00000170987622f8]
Event: 0.747 Thread 0x00000170fb018370 nmethod 1903 0x0000017098762388 code [0x0000017098762500, 0x0000017098762940]
Event: 0.747 Thread 0x00000170b52a1e40 1906       3       java.lang.Math::max (12 bytes)
Event: 0.747 Thread 0x00000170b52a1e40 nmethod 1906 0x0000017098762988 code [0x0000017098762aa0, 0x0000017098762bd0]
Event: 0.748 Thread 0x00000170b51a4720 1907       3       java.lang.reflect.Field::<init> (50 bytes)
Event: 0.748 Thread 0x00000170b52a7d20 1908       3       java.util.stream.AbstractPipeline::isParallel (8 bytes)
Event: 0.748 Thread 0x00000170b51a4720 nmethod 1907 0x0000017098762c88 code [0x0000017098762dc0, 0x00000170987631a0]
Event: 0.748 Thread 0x00000170b52a7d20 nmethod 1908 0x0000017098763208 code [0x0000017098763320, 0x0000017098763438]
Event: 0.752 Thread 0x00000170b52cc2f0 1911       4       java.lang.reflect.Method::getParameterCount (6 bytes)
Event: 0.752 Thread 0x00000170b51a4720 1913       3       java.util.concurrent.atomic.AtomicLong::incrementAndGet (14 bytes)
Event: 0.752 Thread 0x00000170b51a4720 nmethod 1913 0x0000017098763508 code [0x0000017098763620, 0x0000017098763740]
Event: 0.752 Thread 0x00000170b52cc2f0 nmethod 1911 0x00000170a00baa08 code [0x00000170a00bab00, 0x00000170a00bab90]
Event: 0.753 Thread 0x00000170b52a1e40 1914       3       jdk.internal.misc.Unsafe::shouldBeInitialized (18 bytes)
Event: 0.753 Thread 0x00000170b52a1e40 nmethod 1914 0x0000017098763808 code [0x0000017098763940, 0x0000017098763b90]
Event: 0.755 Thread 0x00000170b52a7d20 1915       1       java.nio.Buffer::capacity (5 bytes)
Event: 0.755 Thread 0x00000170b52a7d20 nmethod 1915 0x00000170a00bad08 code [0x00000170a00bae00, 0x00000170a00baec8]
Event: 0.756 Thread 0x00000170fb018370 1916       3       java.io.ObjectStreamClass::requireInitialized (19 bytes)
Event: 0.756 Thread 0x00000170fb018370 nmethod 1916 0x0000017098763c08 code [0x0000017098763d40, 0x0000017098763f48]

GC Heap History (0 events):
No events

Dll operation events (12 events):
Event: 0.046 Loaded shared library C:\Program Files\Java\jdk-24\bin\java.dll
Event: 0.082 Loaded shared library C:\Program Files\Java\jdk-24\bin\jsvml.dll
Event: 0.139 Loaded shared library C:\Program Files\Java\jdk-24\bin\zip.dll
Event: 0.144 Loaded shared library C:\Program Files\Java\jdk-24\bin\instrument.dll
Event: 0.153 Loaded shared library C:\Program Files\Java\jdk-24\bin\net.dll
Event: 0.156 Loaded shared library C:\Program Files\Java\jdk-24\bin\nio.dll
Event: 0.163 Loaded shared library C:\Program Files\Java\jdk-24\bin\zip.dll
Event: 0.182 Loaded shared library C:\Program Files\JetBrains\IntelliJ IDEA 2024.3.2.2\bin\breakgen64.dll
Event: 0.203 Loaded shared library C:\Program Files\Java\jdk-24\bin\extnet.dll
Event: 0.237 Loaded shared library C:\Program Files\Java\jdk-24\bin\jimage.dll
Event: 0.304 Loaded shared library C:\Program Files\Java\jdk-24\bin\management.dll
Event: 0.324 Loaded shared library C:\Program Files\Java\jdk-24\bin\management_ext.dll

Deoptimization events (20 events):
Event: 0.722 Thread 0x00000170fc68e1c0 Uncommon trap: trap_request=0xffffffc6 fr.pc=0x00000170a005712c relative=0x000000000000188c
Event: 0.722 Thread 0x00000170fc68e1c0 Uncommon trap: reason=bimorphic_or_optimized_type_check action=maybe_recompile pc=0x00000170a005712c method=java.io.DataInputStream.readFully([BII)V @ 30 c2
Event: 0.722 Thread 0x00000170fc68e1c0 DEOPT PACKING pc=0x00000170a005712c sp=0x00000001022fee40
Event: 0.722 Thread 0x00000170fc68e1c0 DEOPT UNPACKING pc=0x000001709fa05882 sp=0x00000001022fee68 mode 2
Event: 0.724 Thread 0x00000170fc68e1c0 Uncommon trap: trap_request=0xffffff4d fr.pc=0x00000170a00b20a8 relative=0x0000000000000488
Event: 0.724 Thread 0x00000170fc68e1c0 Uncommon trap: reason=unstable_if action=reinterpret pc=0x00000170a00b20a8 method=java.lang.StringLatin1.indexOf([BI[BII)I @ 27 c2
Event: 0.724 Thread 0x00000170fc68e1c0 DEOPT PACKING pc=0x00000170a00b20a8 sp=0x00000001022fd5a0
Event: 0.724 Thread 0x00000170fc68e1c0 DEOPT UNPACKING pc=0x000001709fa05882 sp=0x00000001022fd500 mode 2
Event: 0.729 Thread 0x00000170fc68e1c0 Uncommon trap: trap_request=0xffffffc6 fr.pc=0x00000170a005712c relative=0x000000000000188c
Event: 0.729 Thread 0x00000170fc68e1c0 Uncommon trap: reason=bimorphic_or_optimized_type_check action=maybe_recompile pc=0x00000170a005712c method=java.io.DataInputStream.readFully([BII)V @ 30 c2
Event: 0.729 Thread 0x00000170fc68e1c0 DEOPT PACKING pc=0x00000170a005712c sp=0x00000001022fec80
Event: 0.729 Thread 0x00000170fc68e1c0 DEOPT UNPACKING pc=0x000001709fa05882 sp=0x00000001022feca8 mode 2
Event: 0.737 Thread 0x00000170fc68e1c0 Uncommon trap: trap_request=0xffffffc6 fr.pc=0x00000170a005712c relative=0x000000000000188c
Event: 0.737 Thread 0x00000170fc68e1c0 Uncommon trap: reason=bimorphic_or_optimized_type_check action=maybe_recompile pc=0x00000170a005712c method=java.io.DataInputStream.readFully([BII)V @ 30 c2
Event: 0.737 Thread 0x00000170fc68e1c0 DEOPT PACKING pc=0x00000170a005712c sp=0x00000001022fee40
Event: 0.737 Thread 0x00000170fc68e1c0 DEOPT UNPACKING pc=0x000001709fa05882 sp=0x00000001022fee68 mode 2
Event: 0.749 Thread 0x00000170fc68e1c0 Uncommon trap: trap_request=0xffffffc6 fr.pc=0x00000170a005712c relative=0x000000000000188c
Event: 0.749 Thread 0x00000170fc68e1c0 Uncommon trap: reason=bimorphic_or_optimized_type_check action=maybe_recompile pc=0x00000170a005712c method=java.io.DataInputStream.readFully([BII)V @ 30 c2
Event: 0.749 Thread 0x00000170fc68e1c0 DEOPT PACKING pc=0x00000170a005712c sp=0x00000001022fee40
Event: 0.749 Thread 0x00000170fc68e1c0 DEOPT UNPACKING pc=0x000001709fa05882 sp=0x00000001022fee68 mode 2

Classes loaded (20 events):
Event: 0.744 Loading class javax/management/remote/NotificationResult
Event: 0.744 Loading class javax/management/remote/NotificationResult done
Event: 0.745 Loading class javax/management/remote/rmi/RMIConnectionImpl_Skel
Event: 0.745 Loading class javax/management/remote/rmi/RMIConnectionImpl_Skel done
Event: 0.747 Loading class javax/management/remote/JMXConnectionNotification
Event: 0.747 Loading class javax/management/remote/JMXConnectionNotification done
Event: 0.748 Loading class sun/rmi/transport/DGCAckHandler
Event: 0.748 Loading class sun/rmi/transport/DGCAckHandler done
Event: 0.749 Loading class sun/rmi/transport/DGCAckHandler$1
Event: 0.749 Loading class sun/rmi/transport/DGCAckHandler$1 done
Event: 0.753 Loading class java/io/UnsupportedEncodingException
Event: 0.753 Loading class java/io/UnsupportedEncodingException done
Event: 0.753 Loading class java/nio/charset/CharacterCodingException
Event: 0.753 Loading class java/nio/charset/CharacterCodingException done
Event: 0.753 Loading class java/util/stream/IntStream
Event: 0.754 Loading class java/util/stream/IntStream done
Event: 0.754 Loading class java/lang/foreign/MemorySegment
Event: 0.754 Loading class java/lang/foreign/MemorySegment done
Event: 0.755 Loading class javax/management/MalformedObjectNameException
Event: 0.756 Loading class javax/management/MalformedObjectNameException done

Classes unloaded (0 events):
No events

Classes redefined (0 events):
No events

Internal exceptions (20 events):
Event: 0.380 Thread 0x00000170b5180700 Exception <a 'java/lang/NoSuchMethodError'{0x000000062815d4b0}: 'int java.lang.invoke.DirectMethodHandle$Holder.invokeSpecial(java.lang.Object, java.lang.Object, java.lang.Object)'> (0x000000062815d4b0) 
thrown [s\open\src\hotspot\share\interpreter\linkResolver.cpp, line 805]
Event: 0.426 Thread 0x00000170982fa3d0 Exception <a 'java/lang/NoSuchMethodError'{0x0000000627e451f0}: 'long java.lang.invoke.DirectMethodHandle$Holder.invokeVirtual(java.lang.Object, java.lang.Object)'> (0x0000000627e451f0) 
thrown [s\open\src\hotspot\share\interpreter\linkResolver.cpp, line 805]
Event: 0.602 Thread 0x00000170982fa3d0 Exception <a 'java/lang/NoSuchMethodError'{0x00000006276416a0}: 'void java.lang.invoke.DirectMethodHandle$Holder.invokeSpecial(java.lang.Object, java.lang.Object, int)'> (0x00000006276416a0) 
thrown [s\open\src\hotspot\share\interpreter\linkResolver.cpp, line 805]
Event: 0.602 Thread 0x00000170982fa3d0 Exception <a 'java/lang/NoSuchMethodError'{0x00000006276492c0}: 'void java.lang.invoke.Invokers$Holder.invokeExact_MT(java.lang.Object, int, java.lang.Object)'> (0x00000006276492c0) 
thrown [s\open\src\hotspot\share\interpreter\linkResolver.cpp, line 805]
Event: 0.625 Thread 0x00000170982fa3d0 Exception <a 'java/lang/NoSuchMethodError'{0x0000000627663b70}: 'void java.lang.invoke.DirectMethodHandle$Holder.invokeStatic(java.lang.Object, java.lang.Object, int)'> (0x0000000627663b70) 
thrown [s\open\src\hotspot\share\interpreter\linkResolver.cpp, line 805]
Event: 0.626 Thread 0x00000170b5180700 Exception <a 'java/lang/NoSuchMethodError'{0x0000000627595860}: 'java.lang.Object java.lang.invoke.DirectMethodHandle$Holder.invokeStaticInit(java.lang.Object, int, int, int, int)'> (0x0000000627595860) 
thrown [s\open\src\hotspot\share\interpreter\linkResolver.cpp, line 805]
Event: 0.627 Thread 0x00000170982fa3d0 Exception <a 'java/lang/NoSuchMethodError'{0x0000000627672c60}: 'java.lang.Object java.lang.invoke.DirectMethodHandle$Holder.newInvokeSpecial(java.lang.Object, java.lang.Object, int)'> (0x0000000627672c60) 
thrown [s\open\src\hotspot\share\interpreter\linkResolver.cpp, line 805]
Event: 0.628 Thread 0x00000170fc5c64a0 Exception <a 'java/lang/NoSuchMethodError'{0x00000006276ea7d8}: 'long java.lang.invoke.DirectMethodHandle$Holder.invokeSpecial(java.lang.Object, java.lang.Object)'> (0x00000006276ea7d8) 
thrown [s\open\src\hotspot\share\interpreter\linkResolver.cpp, line 805]
Event: 0.635 Thread 0x00000170982fa3d0 Exception <a 'sun/nio/fs/WindowsException'{0x00000006276a6e38}> (0x00000006276a6e38) 
thrown [s\open\src\hotspot\share\prims\jni.cpp, line 518]
Event: 0.639 Thread 0x00000170982fa3d0 Exception <a 'sun/nio/fs/WindowsException'{0x00000006276b3c00}> (0x00000006276b3c00) 
thrown [s\open\src\hotspot\share\prims\jni.cpp, line 518]
Event: 0.646 Thread 0x00000170982fa3d0 Exception <a 'sun/nio/fs/WindowsException'{0x00000006276c5948}> (0x00000006276c5948) 
thrown [s\open\src\hotspot\share\prims\jni.cpp, line 518]
Event: 0.658 Thread 0x00000170b5180700 Exception <a 'java/lang/NoSuchMethodError'{0x000000062702ad80}: 'java.lang.Object java.lang.invoke.DirectMethodHandle$Holder.invokeStaticInit(java.lang.Object, java.lang.Object, int, int, int, int)'> (0x000000062702ad80) 
thrown [s\open\src\hotspot\share\interpreter\linkResolver.cpp, line 805]
Event: 0.683 Thread 0x00000170b5180700 Exception <a 'java/lang/ClassNotFoundException'{0x00000006270415a8}: javax/management/remote/rmi/RMIServerImpl_Skel> (0x00000006270415a8) 
thrown [s\open\src\hotspot\share\classfile\systemDictionary.cpp, line 327]
Event: 0.696 Thread 0x00000170b5180700 Exception <a 'java/lang/NoSuchMethodError'{0x0000000627052d80}: 'long java.lang.invoke.Invokers$Holder.invokeExact_MT(java.lang.Object, java.lang.Object)'> (0x0000000627052d80) 
thrown [s\open\src\hotspot\share\interpreter\linkResolver.cpp, line 805]
Event: 0.736 Thread 0x00000170fc68e1c0 Exception <a 'java/lang/NoSuchMethodError'{0x0000000626c4ad18}: static [B.<clinit>()V> (0x0000000626c4ad18) 
thrown [s\open\src\hotspot\share\prims\jni.cpp, line 1108]
Event: 0.738 Thread 0x00000170fc68e1c0 Exception <a 'java/lang/NoSuchMethodError'{0x0000000626c4c668}: 'java.lang.Object java.lang.invoke.DirectMethodHandle$Holder.invokeInterface(java.lang.Object, java.lang.Object, java.lang.Object)'> (0x0000000626c4c668) 
thrown [s\open\src\hotspot\share\interpreter\linkResolver.cpp, line 805]
Event: 0.744 Thread 0x00000170fc8902f0 Exception <a 'java/lang/NoSuchMethodError'{0x0000000626df57d8}: 'java.lang.Object java.lang.invoke.DirectMethodHandle$Holder.invokeSpecial(java.lang.Object, java.lang.Object, java.lang.Object, java.lang.Object, long)'> (0x0000000626df57d8) 
thrown [s\open\src\hotspot\share\interpreter\linkResolver.cpp, line 805]
Event: 0.745 Thread 0x00000170fc8902f0 Exception <a 'java/lang/NoSuchMethodError'{0x0000000626e057a0}: 'java.lang.Object java.lang.invoke.Invokers$Holder.linkToTargetMethod(java.lang.Object, long, java.lang.Object)'> (0x0000000626e057a0) 
thrown [s\open\src\hotspot\share\interpreter\linkResolver.cpp, line 805]
Event: 0.745 Thread 0x00000170fc68e1c0 Exception <a 'java/lang/ClassNotFoundException'{0x0000000626c6c8a0}: javax/management/remote/rmi/RMIConnectionImpl_Skel> (0x0000000626c6c8a0) 
thrown [s\open\src\hotspot\share\classfile\systemDictionary.cpp, line 327]
Event: 0.752 Thread 0x00000170fc68e1c0 Exception <a 'java/lang/NoSuchMethodError'{0x0000000626c8a388}: 'java.lang.Object java.lang.invoke.DirectMethodHandle$Holder.invokeInterface(java.lang.Object, java.lang.Object)'> (0x0000000626c8a388) 
thrown [s\open\src\hotspot\share\interpreter\linkResolver.cpp, line 805]

VM Operations (14 events):
Event: 0.118 Executing VM operation: HandshakeAllThreads (Deoptimize)
Event: 0.118 Executing VM operation: HandshakeAllThreads (Deoptimize) done
Event: 0.253 Executing VM operation: HandshakeAllThreads (Deoptimize)
Event: 0.253 Executing VM operation: HandshakeAllThreads (Deoptimize) done
Event: 0.580 Executing VM operation: HandshakeAllThreads (Deoptimize)
Event: 0.580 Executing VM operation: HandshakeAllThreads (Deoptimize) done
Event: 0.630 Executing VM operation: HandshakeAllThreads (Deoptimize)
Event: 0.630 Executing VM operation: HandshakeAllThreads (Deoptimize) done
Event: 0.633 Executing VM operation: HandshakeAllThreads (Deoptimize)
Event: 0.633 Executing VM operation: HandshakeAllThreads (Deoptimize) done
Event: 0.680 Executing VM operation: JFRSafepointClear
Event: 0.680 Executing VM operation: JFRSafepointClear done
Event: 0.744 Executing VM operation: HandshakeAllThreads (Deoptimize)
Event: 0.744 Executing VM operation: HandshakeAllThreads (Deoptimize) done

Memory protections (0 events):
No events

Nmethod flushes (0 events):
No events

Events (20 events):
Event: 0.079 Thread 0x00000170982fa3d0 Thread added: 0x00000170b5180700
Event: 0.079 Thread 0x00000170982fa3d0 Thread added: 0x00000170b518a470
Event: 0.080 Thread 0x00000170982fa3d0 Thread added: 0x00000170b518b940
Event: 0.080 Thread 0x00000170982fa3d0 Thread added: 0x00000170b518c700
Event: 0.080 Thread 0x00000170982fa3d0 Thread added: 0x00000170b51a4720
Event: 0.118 Thread 0x00000170b51a4720 Thread added: 0x00000170b52a1e40
Event: 0.119 Thread 0x00000170b52a1e40 Thread added: 0x00000170b52a7d20
Event: 0.129 Thread 0x00000170b52a7d20 Thread added: 0x00000170b52cc2f0
Event: 0.149 Thread 0x00000170982fa3d0 Thread added: 0x00000170b53f2440
Event: 0.183 Thread 0x00000170982fa3d0 Thread added: 0x00000170b5454770
Event: 0.244 Thread 0x00000170b52a1e40 Thread added: 0x00000170fb018370
Event: 0.280 Thread 0x00000170fb018370 Thread added: 0x00000170b5b4a830
Event: 0.304 Thread 0x00000170982fa3d0 Thread added: 0x00000170fb2383e0
Event: 0.448 Thread 0x00000170b51a4720 Thread added: 0x00000170fb1bec00
Event: 0.449 Thread 0x00000170fb018370 Thread added: 0x00000170fbcf10a0
Event: 0.627 Thread 0x00000170982fa3d0 Thread added: 0x00000170fc5c64a0
Event: 0.692 Thread 0x00000170b5180700 Thread added: 0x00000170fc8b34d0
Event: 0.710 Thread 0x00000170fc8b34d0 Thread added: 0x00000170fc68e1c0
Event: 0.735 Thread 0x00000170fc68e1c0 Thread added: 0x00000170fc8674d0
Event: 0.742 Thread 0x00000170fc68e1c0 Thread added: 0x00000170fc8902f0


Dynamic libraries:
0x00007ff621f60000 - 0x00007ff621f70000 	C:\Program Files\Java\jdk-24\bin\java.exe
0x00007ffeedc00000 - 0x00007ffeede60000 	C:\WINDOWS\SYSTEM32\ntdll.dll
0x00007ffeed2b0000 - 0x00007ffeed377000 	C:\WINDOWS\System32\KERNEL32.DLL
0x00007ffeeb280000 - 0x00007ffeeb64a000 	C:\WINDOWS\System32\KERNELBASE.dll
0x00007ffeeafd0000 - 0x00007ffeeb11b000 	C:\WINDOWS\System32\ucrtbase.dll
0x00007ffee7e20000 - 0x00007ffee7e36000 	C:\Program Files\Java\jdk-24\bin\jli.dll
0x00007ffee7e00000 - 0x00007ffee7e1b000 	C:\Program Files\Java\jdk-24\bin\VCRUNTIME140.dll
0x00007ffeeca80000 - 0x00007ffeecc4c000 	C:\WINDOWS\System32\USER32.dll
0x00007ffed8050000 - 0x00007ffed82e7000 	C:\WINDOWS\WinSxS\amd64_microsoft.windows.common-controls_6595b64144ccf1df_6.0.26100.3624_none_3e086962e3345f24\COMCTL32.dll
0x00007ffeeb6e0000 - 0x00007ffeeb707000 	C:\WINDOWS\System32\win32u.dll
0x00007ffeed200000 - 0x00007ffeed2a9000 	C:\WINDOWS\System32\msvcrt.dll
0x00007ffeecc50000 - 0x00007ffeecc7a000 	C:\WINDOWS\System32\GDI32.dll
0x00007ffeeade0000 - 0x00007ffeeaf11000 	C:\WINDOWS\System32\gdi32full.dll
0x00007ffeeaf20000 - 0x00007ffeeafc3000 	C:\WINDOWS\System32\msvcp_win.dll
0x00007ffeedb00000 - 0x00007ffeedb2f000 	C:\WINDOWS\System32\IMM32.DLL
0x00007ffee5ef0000 - 0x00007ffee5efc000 	C:\Program Files\Java\jdk-24\bin\vcruntime140_1.dll
0x00007ffedaaa0000 - 0x00007ffedab2e000 	C:\Program Files\Java\jdk-24\bin\msvcp140.dll
0x00007ffe8f530000 - 0x00007ffe902d2000 	C:\Program Files\Java\jdk-24\bin\server\jvm.dll
0x00007ffeed990000 - 0x00007ffeeda42000 	C:\WINDOWS\System32\ADVAPI32.dll
0x00007ffeeda50000 - 0x00007ffeedaf6000 	C:\WINDOWS\System32\sechost.dll
0x00007ffeecc80000 - 0x00007ffeecd96000 	C:\WINDOWS\System32\RPCRT4.dll
0x00007ffeedb40000 - 0x00007ffeedbb4000 	C:\WINDOWS\System32\WS2_32.dll
0x00007ffeeab80000 - 0x00007ffeeabde000 	C:\WINDOWS\SYSTEM32\POWRPROF.dll
0x00007ffee1a50000 - 0x00007ffee1a86000 	C:\WINDOWS\SYSTEM32\WINMM.dll
0x00007ffee3760000 - 0x00007ffee376b000 	C:\WINDOWS\SYSTEM32\VERSION.dll
0x00007ffeeab60000 - 0x00007ffeeab74000 	C:\WINDOWS\SYSTEM32\UMPDC.dll
0x00007ffee9c60000 - 0x00007ffee9c7a000 	C:\WINDOWS\SYSTEM32\kernel.appcore.dll
0x00007ffee5d60000 - 0x00007ffee5d6a000 	C:\Program Files\Java\jdk-24\bin\jimage.dll
0x00007ffeddb10000 - 0x00007ffeddd51000 	C:\WINDOWS\SYSTEM32\DBGHELP.DLL
0x00007ffeed490000 - 0x00007ffeed812000 	C:\WINDOWS\System32\combase.dll
0x00007ffeed3b0000 - 0x00007ffeed486000 	C:\WINDOWS\System32\OLEAUT32.dll
0x00007ffeba280000 - 0x00007ffeba2b9000 	C:\WINDOWS\SYSTEM32\dbgcore.DLL
0x00007ffeeb120000 - 0x00007ffeeb1b9000 	C:\WINDOWS\System32\bcryptPrimitives.dll
0x00007ffee4a10000 - 0x00007ffee4a1f000 	C:\Program Files\Java\jdk-24\bin\instrument.dll
0x00007ffee4cf0000 - 0x00007ffee4d0e000 	C:\Program Files\Java\jdk-24\bin\java.dll
0x00007ffeece30000 - 0x00007ffeecfc6000 	C:\WINDOWS\System32\ole32.dll
0x00007ffeec270000 - 0x00007ffeec999000 	C:\WINDOWS\System32\SHELL32.dll
0x00007ffeeb710000 - 0x00007ffeeb878000 	C:\WINDOWS\System32\wintypes.dll
0x00007ffeda7b0000 - 0x00007ffeda9be000 	C:\Users\Asus\AppData\Local\Temp\idea_libasyncProfiler_dll_temp_folder\libasyncProfiler.dll
0x00007ffee8aa0000 - 0x00007ffee92f2000 	C:\WINDOWS\SYSTEM32\windows.storage.dll
0x00007ffeec180000 - 0x00007ffeec26d000 	C:\WINDOWS\System32\SHCORE.dll
0x00007ffeec9a0000 - 0x00007ffeeca04000 	C:\WINDOWS\System32\shlwapi.dll
0x00007ffeeacf0000 - 0x00007ffeead1f000 	C:\WINDOWS\SYSTEM32\profapi.dll
0x00007ffeda9c0000 - 0x00007ffedaa97000 	C:\Program Files\Java\jdk-24\bin\jsvml.dll
0x00007ffedf030000 - 0x00007ffedf047000 	C:\Program Files\Java\jdk-24\bin\zip.dll
0x00007ffee4a00000 - 0x00007ffee4a10000 	C:\Program Files\Java\jdk-24\bin\net.dll
0x00007ffeea180000 - 0x00007ffeea1ea000 	C:\WINDOWS\system32\mswsock.dll
0x00007ffedf050000 - 0x00007ffedf066000 	C:\Program Files\Java\jdk-24\bin\nio.dll
0x00007ffedf010000 - 0x00007ffedf02a000 	C:\Program Files\JetBrains\IntelliJ IDEA 2024.3.2.2\bin\breakgen64.dll
0x00007ffedf170000 - 0x00007ffedf179000 	C:\Program Files\Java\jdk-24\bin\extnet.dll
0x00007ffee9780000 - 0x00007ffee98a5000 	C:\WINDOWS\SYSTEM32\DNSAPI.dll
0x00007ffee9740000 - 0x00007ffee9773000 	C:\WINDOWS\SYSTEM32\IPHLPAPI.DLL
0x00007ffeeca70000 - 0x00007ffeeca7a000 	C:\WINDOWS\System32\NSI.dll
0x00007ffee3790000 - 0x00007ffee379b000 	C:\Windows\System32\rasadhlp.dll
0x00007ffee4c50000 - 0x00007ffee4cd5000 	C:\WINDOWS\System32\fwpuclnt.dll
0x00007ffedf000000 - 0x00007ffedf00a000 	C:\Program Files\Java\jdk-24\bin\management.dll
0x00007ffedeff0000 - 0x00007ffedeffb000 	C:\Program Files\Java\jdk-24\bin\management_ext.dll
0x00007ffeed820000 - 0x00007ffeed828000 	C:\WINDOWS\System32\PSAPI.DLL
0x00007ffeea420000 - 0x00007ffeea43c000 	C:\WINDOWS\SYSTEM32\CRYPTSP.dll
0x00007ffee9bc0000 - 0x00007ffee9bfa000 	C:\WINDOWS\system32\rsaenh.dll
0x00007ffeea220000 - 0x00007ffeea24b000 	C:\WINDOWS\SYSTEM32\USERENV.dll
0x00007ffeeacc0000 - 0x00007ffeeace6000 	C:\WINDOWS\SYSTEM32\bcrypt.dll
0x00007ffeea440000 - 0x00007ffeea44c000 	C:\WINDOWS\SYSTEM32\CRYPTBASE.dll
0x00007ffec9340000 - 0x00007ffec9358000 	C:\WINDOWS\system32\napinsp.dll
0x00007ffec6650000 - 0x00007ffec6662000 	C:\WINDOWS\System32\winrnr.dll
0x00007ffebb380000 - 0x00007ffebb3b0000 	C:\WINDOWS\system32\nlansp_c.dll
0x00007ffee3740000 - 0x00007ffee3756000 	C:\WINDOWS\system32\wshbth.dll
0x00007ffed1ac0000 - 0x00007ffed1b0e000 	C:\WINDOWS\SYSTEM32\pdh.dll

JVMTI agents:
C:\Program Files\JetBrains\IntelliJ IDEA 2024.3.2.2\lib\idea_rt.jar path:C:\Program Files\Java\jdk-24\bin\instrument.dll, loaded, initialized, instrumentlib options:56540:C:\Program Files\JetBrains\IntelliJ IDEA 2024.3.2.2\bin
C:\Users\Asus\AppData\Local\Temp\idea_libasyncProfiler_dll_temp_folder\libasyncProfiler.dll path:C:\Users\Asus\AppData\Local\Temp\idea_libasyncProfiler_dll_temp_folder\libasyncProfiler.dll, loaded, initialized, options:start,jfr,event=wall,interval=10ms,jfrsync=profile,cstack=no,file=C:\Users\Asus\IdeaSnapshots\Main_2025_05_11_133325.jfr,dbghelppath=C:\Users\Asus\AppData\Local\Temp\idea_dbghelp_dll_temp_folder\dbghelp.dll,log=C:\Users\Asus\AppData\Local\Temp\Main_2025_05_11_133325.jfr.log.txt,logLevel=DEBUG

dbghelp: loaded successfully - version: 4.0.5 - missing functions: none
symbol engine: initialized successfully - sym options: 0x614 - pdb path: .;C:\Program Files\Java\jdk-24\bin;C:\WINDOWS\SYSTEM32;C:\WINDOWS\WinSxS\amd64_microsoft.windows.common-controls_6595b64144ccf1df_6.0.26100.3624_none_3e086962e3345f24;C:\Program Files\Java\jdk-24\bin\server;C:\Users\Asus\AppData\Local\Temp\idea_libasyncProfiler_dll_temp_folder;C:\Program Files\JetBrains\IntelliJ IDEA 2024.3.2.2\bin

VM Arguments:
jvm_args: -javaagent:C:\Program Files\JetBrains\IntelliJ IDEA 2024.3.2.2\lib\idea_rt.jar=56540:C:\Program Files\JetBrains\IntelliJ IDEA 2024.3.2.2\bin -agentpath:C:\Users\Asus\AppData\Local\Temp\idea_libasyncProfiler_dll_temp_folder\libasyncProfiler.dll=start,jfr,event=wall,interval=10ms,jfrsync=profile,cstack=no,file=C:\Users\Asus\IdeaSnapshots\Main_2025_05_11_133325.jfr,dbghelppath=C:\Users\Asus\AppData\Local\Temp\idea_dbghelp_dll_temp_folder\dbghelp.dll,log=C:\Users\Asus\AppData\Local\Temp\Main_2025_05_11_133325.jfr.log.txt,logLevel=DEBUG -Dfile.encoding=UTF-8 -Dsun.stdout.encoding=UTF-8 -Dsun.stderr.encoding=UTF-8 
java_command: Main
java_class_path (initial): C:\Users\Asus\OneDrive\Desktop\untitled2\out\production\untitled2
Launcher Type: SUN_STANDARD

[Global flags]
     intx CICompilerCount                          = 12                                        {product} {ergonomic}
     uint ConcGCThreads                            = 3                                         {product} {ergonomic}
     bool FlightRecorder                           = true                                      {product} {management}
     uint G1ConcRefinementThreads                  = 13                                        {product} {ergonomic}
   size_t G1HeapRegionSize                         = 4194304                                   {product} {ergonomic}
   size_t InitialHeapSize                          = 528482304                                 {product} {ergonomic}
   size_t MarkStackSize                            = 4194304                                   {product} {ergonomic}
   size_t MarkStackSizeMax                         = 536870912                                 {product} {ergonomic}
   size_t MaxHeapSize                              = 8434745344                                {product} {ergonomic}
   size_t MaxNewSize                               = 5058330624                                {product} {ergonomic}
   size_t MinHeapDeltaBytes                        = 4194304                                   {product} {ergonomic}
   size_t MinHeapSize                              = 8388608                                   {product} {ergonomic}
    uintx NonNMethodCodeHeapSize                   = 7602176                                {pd product} {ergonomic}
    uintx NonProfiledCodeHeapSize                  = 122093568                              {pd product} {ergonomic}
    uintx ProfiledCodeHeapSize                     = 121962496                              {pd product} {ergonomic}
    uintx ReservedCodeCacheSize                    = 251658240                              {pd product} {ergonomic}
     bool SegmentedCodeCache                       = true                                      {product} {ergonomic}
   size_t SoftMaxHeapSize                          = 8434745344                             {manageable} {ergonomic}
     bool UseCompressedOops                        = true                           {product lp64_product} {ergonomic}
     bool UseG1GC                                  = true                                      {product} {ergonomic}
     bool UseLargePagesIndividualAllocation        = false                                  {pd product} {ergonomic}

Logging:
Log output configuration:
 #0: stdout all=warning uptime,level,tags foldmultilines=false
 #1: stderr all=off uptime,level,tags foldmultilines=false

Environment Variables:
PATH=C:\Program Files\Common Files\Oracle\Java\javapath;C:\WINDOWS\system32;C:\WINDOWS;C:\WINDOWS\System32\Wbem;C:\WINDOWS\System32\WindowsPowerShell\v1.0\;C:\WINDOWS\System32\OpenSSH\;C:\Program Files (x86)\NVIDIA Corporation\PhysX\Common;C:\Program Files\NVIDIA Corporation\NVIDIA NvDLISR;C:\Program Files\Git\cmd;C:\Dev-Cpp\bin;C:\Program Files\Java\jdk-23.0.1\bin;C:\Program Files\nodejs\;%SystemRoot%\system32;%SystemRoot%;%SystemRoot%\System32\Wbem;%SYSTEMROOT%\System32\WindowsPowerShell\v1.0\;%SYSTEMROOT%\System32\OpenSSH\;C:\Users\Asus\AppData\Local\Microsoft\WindowsApps;C:\ProgramData\Asus\atom\bin;C:\Users\Asus\AppData\Local\Programs\Microsoft VS Code\bin;C:\Users\Asus\AppData\Roaming\npm;C:\Users\Asus\AppData\Local\Microsoft\WindowsApps;;C:\Program Files\JetBrains\IntelliJ IDEA 2024.3.2.2\bin;
USERNAME=Asus
OS=Windows_NT
PROCESSOR_IDENTIFIER=AMD64 Family 23 Model 96 Stepping 1, AuthenticAMD
TMP=C:\Users\Asus\AppData\Local\Temp
TEMP=C:\Users\Asus\AppData\Local\Temp




Periodic native trim disabled

---------------  S Y S T E M  ---------------

OS:
 Windows 11 , 64 bit Build 26100 (10.0.26100.3775)
OS uptime: 3 days 12:41 hours

CPU: total 16 (initial active 16) (16 cores per cpu, 2 threads per core) family 23 model 96 stepping 1 microcode 0x8600106, cx8, cmov, fxsr, ht, mmx, 3dnowpref, sse, sse2, sse3, ssse3, sse4a, sse4.1, sse4.2, popcnt, lzcnt, tsc, tscinvbit, avx, avx2, aes, clmul, bmi1, bmi2, adx, sha, fma, vzeroupper, clflush, clflushopt, rdtscp, rdpid, f16c
Processor Information for the first 16 processors :
  Max Mhz: 2901, Current Mhz: 2327, Mhz Limit: 2901

Memory: 4k page, system-wide physical 32173M (22727M free)
TotalPageFile size 34221M (AvailPageFile size 23521M)
current process WorkingSet (physical memory assigned to process): 109M, peak: 110M
current process commit charge ("private bytes"): 673M, peak: 673M

vm_info: Java HotSpot(TM) 64-Bit Server VM (24.0.1+9-30) for windows-amd64 JRE (24.0.1+9-30), built on 2025-03-05T07:23:45Z with MS VC++ 17.6 (VS2022)

END.
